22:54:38: Creating resource group General
22:54:38: Creating resource group Internal
22:54:38: Creating resource group Autodetect
22:54:38: SceneManagerFactory for type 'DefaultSceneManager' registered.
22:54:38: Registering ResourceManager for type Material
22:54:38: Registering ResourceManager for type Mesh
22:54:38: Registering ResourceManager for type Skeleton
22:54:38: MovableObjectFactory for type 'ParticleSystem' registered.
22:54:38: OverlayElementFactory for type Panel registered.
22:54:38: OverlayElementFactory for type BorderPanel registered.
22:54:38: OverlayElementFactory for type TextArea registered.
22:54:38: Registering ResourceManager for type Font
22:54:38: ArchiveFactory for archive type FileSystem registered.
22:54:38: ArchiveFactory for archive type Zip registered.
22:54:38: DDS codec registering
22:54:38: FreeImage version: 3.13.1
22:54:38: This program uses FreeImage, a free, open source image library supporting all common bitmap formats. See http://freeimage.sourceforge.net for details
22:54:38: Supported formats: bmp,ico,jpg,jif,jpeg,jpe,jng,koa,iff,lbm,mng,pbm,pbm,pcd,pcx,pgm,pgm,png,ppm,ppm,ras,tga,targa,tif,tiff,wap,wbmp,wbm,psd,cut,xbm,xpm,gif,hdr,g3,sgi,exr,j2k,j2c,jp2,pfm,pct,pict,pic,bay,bmq,cr2,crw,cs1,dc2,dcr,dng,erf,fff,hdr,k25,kdc,mdc,mos,mrw,nef,orf,pef,pxn,raf,raw,rdc,sr2,srf,arw,3fr,cine,ia,kc2,mef,nrw,qtk,rw2,sti,drf,dsc,ptx,cap,iiq,rwz
22:54:38: Registering ResourceManager for type HighLevelGpuProgram
22:54:38: Registering ResourceManager for type Compositor
22:54:38: MovableObjectFactory for type 'Entity' registered.
22:54:38: MovableObjectFactory for type 'Light' registered.
22:54:38: MovableObjectFactory for type 'BillboardSet' registered.
22:54:38: MovableObjectFactory for type 'ManualObject' registered.
22:54:38: MovableObjectFactory for type 'BillboardChain' registered.
22:54:38: MovableObjectFactory for type 'RibbonTrail' registered.
22:54:38: Loading library plugins\RenderSystem_GL.dll
22:54:38: Installing plugin: GL RenderSystem
22:54:38: OpenGL Rendering Subsystem created.
22:54:38: Plugin successfully installed
22:54:38: Loading library plugins\RenderSystem_Direct3D9.dll
22:54:38: Installing plugin: D3D9 RenderSystem
22:54:38: D3D9 : Direct3D9 Rendering Subsystem created.
22:54:38: D3D9: Driver Detection Starts
22:54:38: D3D9: Driver Detection Ends
22:54:39: Plugin successfully installed
22:54:39: Loading library plugins\Plugin_ParticleFX.dll
22:54:39: Installing plugin: ParticleFX
22:54:39: Particle Emitter Type 'Point' registered
22:54:39: Particle Emitter Type 'Box' registered
22:54:39: Particle Emitter Type 'Ellipsoid' registered
22:54:39: Particle Emitter Type 'Cylinder' registered
22:54:39: Particle Emitter Type 'Ring' registered
22:54:39: Particle Emitter Type 'HollowEllipsoid' registered
22:54:39: Particle Affector Type 'LinearForce' registered
22:54:39: Particle Affector Type 'ColourFader' registered
22:54:39: Particle Affector Type 'ColourFader2' registered
22:54:39: Particle Affector Type 'ColourImage' registered
22:54:39: Particle Affector Type 'ColourInterpolator' registered
22:54:39: Particle Affector Type 'Scaler' registered
22:54:39: Particle Affector Type 'Rotator' registered
22:54:39: Particle Affector Type 'DirectionRandomiser' registered
22:54:39: Particle Affector Type 'DeflectorPlane' registered
22:54:39: Plugin successfully installed
22:54:39: Loading library plugins\Plugin_BSPSceneManager.dll
22:54:39: Installing plugin: BSP Scene Manager
22:54:39: Plugin successfully installed
22:54:39: Loading library plugins\Plugin_OctreeSceneManager.dll
22:54:39: Installing plugin: Octree & Terrain Scene Manager
22:54:39: Plugin successfully installed
22:54:39: *-*-* OGRE Initialising
22:54:39: *-*-* Version 1.7.2 (Cthugha)
22:54:39: Creating resource group Bootstrap
22:54:39: Added resource location 'media/packs/OgreCore.zip' of type 'Zip' to resource group 'Bootstrap'
22:54:40: Added resource location 'media' of type 'FileSystem' to resource group 'General'
22:54:42: Added resource location 'media/fonts' of type 'FileSystem' to resource group 'General'
22:54:42: Added resource location 'media/sounds' of type 'FileSystem' to resource group 'General'
22:54:42: Added resource location 'media/Audio' of type 'FileSystem' to resource group 'General'
22:54:42: Added resource location 'media/materials/programs' of type 'FileSystem' to resource group 'General'
22:54:42: Added resource location 'media/materials/scripts' of type 'FileSystem' to resource group 'General'
22:54:43: Added resource location 'media/materials/textures' of type 'FileSystem' to resource group 'General'
22:54:45: Added resource location 'media/models' of type 'FileSystem' to resource group 'General'
22:54:46: Added resource location 'media/overlays' of type 'FileSystem' to resource group 'General'
22:54:47: Added resource location 'media/particle' of type 'FileSystem' to resource group 'General'
22:54:47: Added resource location 'media/gui' of type 'FileSystem' to resource group 'General'
22:54:47: Added resource location 'media/packs/cubemap.zip' of type 'Zip' to resource group 'General'
22:54:47: Added resource location 'media/packs/cubemapsJS.zip' of type 'Zip' to resource group 'General'
22:54:47: Added resource location 'media/packs/dragon.zip' of type 'Zip' to resource group 'General'
22:54:48: Added resource location 'media/packs/fresneldemo.zip' of type 'Zip' to resource group 'General'
22:54:48: Added resource location 'media/packs/ogretestmap.zip' of type 'Zip' to resource group 'General'
22:54:48: Added resource location 'media/packs/skybox.zip' of type 'Zip' to resource group 'General'
22:54:48: D3D9 : RenderSystem Option: Allow NVPerfHUD = No
22:54:48: D3D9 : RenderSystem Option: FSAA = 0
22:54:48: D3D9 : RenderSystem Option: Floating-point mode = Fastest
22:54:48: D3D9 : RenderSystem Option: Full Screen = Yes
22:54:48: D3D9 : RenderSystem Option: Rendering Device = Monitor-1-NVIDIA GeForce GTX 560
22:54:48: D3D9 : RenderSystem Option: Resource Creation Policy = Create on all devices
22:54:48: D3D9 : RenderSystem Option: VSync = No
22:54:48: D3D9 : RenderSystem Option: VSync Interval = 1
22:54:48: D3D9 : RenderSystem Option: Video Mode = 800 x 600 @ 32-bit colour
22:54:48: D3D9 : RenderSystem Option: sRGB Gamma Conversion = No
22:54:48: CPU Identifier & Features
22:54:48: -------------------------
22:54:48:  *   CPU ID: GenuineIntel: Intel(R) Core(TM) i7-6500U CPU @ 2.50GHz
22:54:48:  *      SSE: yes
22:54:48:  *     SSE2: yes
22:54:48:  *     SSE3: yes
22:54:48:  *      MMX: yes
22:54:48:  *   MMXEXT: yes
22:54:48:  *    3DNOW: no
22:54:48:  * 3DNOWEXT: no
22:54:48:  *     CMOV: yes
22:54:48:  *      TSC: yes
22:54:48:  *      FPU: yes
22:54:48:  *      PRO: yes
22:54:48:  *       HT: no
22:54:48: -------------------------
22:54:48: *** Starting Win32GL Subsystem ***
22:54:48: GLRenderSystem::_createRenderWindow "AS5", 1600x900 windowed  miscParams: FSAA=0 FSAAHint= colourDepth=32 displayFrequency=0 gamma=false vsync=false vsyncInterval=1 
22:54:48: Created Win32Window 'AS5' : 1474x864, 32bpp
22:54:48: GL_VERSION = 4.4.0 - Build 20.19.15.4331
22:54:48: GL_VENDOR = Intel
22:54:48: GL_RENDERER = Intel(R) HD Graphics 520
22:54:48: GL_EXTENSIONS = GL_EXT_blend_minmax GL_EXT_blend_subtract GL_EXT_blend_color GL_EXT_abgr GL_EXT_texture3D GL_EXT_clip_volume_hint GL_EXT_compiled_vertex_array GL_SGIS_texture_edge_clamp GL_SGIS_generate_mipmap GL_EXT_draw_range_elements GL_SGIS_texture_lod GL_EXT_rescale_normal GL_EXT_packed_pixels GL_EXT_texture_edge_clamp GL_EXT_separate_specular_color GL_ARB_multitexture GL_ARB_map_buffer_alignment GL_ARB_conservative_depth GL_EXT_texture_env_combine GL_EXT_bgra GL_EXT_blend_func_separate GL_EXT_secondary_color GL_EXT_fog_coord GL_EXT_texture_env_add GL_ARB_texture_cube_map GL_ARB_transpose_matrix GL_ARB_internalformat_query GL_ARB_internalformat_query2 GL_ARB_texture_env_add GL_IBM_texture_mirrored_repeat GL_ARB_texture_mirrored_repeat GL_EXT_multi_draw_arrays GL_SUN_multi_draw_arrays GL_NV_blend_square GL_ARB_texture_compression GL_3DFX_texture_compression_FXT1 GL_EXT_texture_filter_anisotropic GL_ARB_texture_border_clamp GL_ARB_point_parameters GL_ARB_texture_env_combine GL_ARB_texture_env_dot3 GL_ARB_texture_env_crossbar GL_EXT_texture_compression_s3tc GL_ARB_shadow GL_ARB_window_pos GL_EXT_shadow_funcs GL_EXT_stencil_wrap GL_ARB_vertex_program GL_EXT_texture_rectangle GL_ARB_fragment_program GL_EXT_stencil_two_side GL_ATI_separate_stencil GL_ARB_vertex_buffer_object GL_EXT_texture_lod_bias GL_ARB_occlusion_query GL_ARB_fragment_shader GL_ARB_shader_objects GL_ARB_shading_language_100 GL_ARB_texture_non_power_of_two GL_ARB_vertex_shader GL_NV_texgen_reflection GL_ARB_point_sprite GL_ARB_fragment_program_shadow GL_EXT_blend_equation_separate GL_ARB_depth_texture GL_ARB_texture_rectangle GL_ARB_draw_buffers GL_ARB_color_buffer_float GL_ARB_half_float_pixel GL_ARB_texture_float GL_ARB_pixel_buffer_object GL_EXT_framebuffer_object GL_ARB_draw_instanced GL_ARB_half_float_vertex GL_ARB_occlusion_query2 GL_EXT_draw_buffers2 GL_WIN_swap_hint GL_EXT_texture_sRGB GL_ARB_multisample GL_EXT_packed_float GL_EXT_texture_shared_exponent GL_ARB_texture_rg GL_ARB_texture_compression_rgtc GL_NV_conditional_render GL_ARB_texture_swizzle GL_EXT_texture_swizzle GL_ARB_texture_gather GL_ARB_sync GL_ARB_cl_event GL_ARB_framebuffer_sRGB GL_EXT_packed_depth_stencil GL_ARB_depth_buffer_float GL_EXT_transform_feedback GL_ARB_transform_feedback2 GL_ARB_draw_indirect GL_EXT_framebuffer_blit GL_EXT_framebuffer_multisample GL_ARB_framebuffer_object GL_ARB_framebuffer_no_attachments GL_EXT_texture_array GL_EXT_texture_integer GL_ARB_map_buffer_range GL_ARB_texture_buffer_range GL_EXT_texture_snorm GL_ARB_blend_func_extended GL_INTEL_performance_query GL_ARB_copy_buffer GL_ARB_sampler_objects GL_NV_primitive_restart GL_ARB_seamless_cube_map GL_ARB_seamless_cubemap_per_texture GL_ARB_uniform_buffer_object GL_ARB_depth_clamp GL_ARB_vertex_array_bgra GL_ARB_shader_bit_encoding GL_ARB_draw_buffers_blend GL_ARB_geometry_shader4 GL_EXT_geometry_shader4 GL_ARB_texture_query_lod GL_ARB_explicit_attrib_location GL_ARB_draw_elements_base_vertex GL_EXT_shader_integer_mix GL_ARB_instanced_arrays GL_ARB_base_instance GL_ARB_fragment_coord_conventions GL_EXT_gpu_program_parameters GL_ARB_texture_buffer_object_rgb32 GL_ARB_compatibility GL_ARB_texture_rgb10_a2ui GL_ARB_texture_multisample GL_ARB_vertex_type_2_10_10_10_rev GL_ARB_vertex_type_10f_11f_11f_rev GL_ARB_timer_query GL_ARB_tessellation_shader GL_ARB_vertex_array_object GL_ARB_provoking_vertex GL_ARB_sample_shading GL_ARB_texture_cube_map_array GL_EXT_gpu_shader4 GL_ARB_gpu_shader5 GL_ARB_gpu_shader_fp64 GL_INTEL_fragment_shader_ordering GL_ARB_fragment_shader_interlock GL_ARB_clip_control GL_EXT_shader_framebuffer_fetch GL_ARB_shader_subroutine GL_ARB_transform_feedback3 GL_ARB_get_program_binary GL_ARB_separate_shader_objects GL_ARB_shader_precision GL_ARB_vertex_attrib_64bit GL_ARB_viewport_array GL_ARB_transform_feedback_instanced GL_ARB_compressed_texture_pixel_storage GL_ARB_shader_atomic_counters GL_ARB_shading_language_packing GL_ARB_shader_image_load_store GL_ARB_shading_language_420pack GL_ARB_texture_storage GL_EXT_texture_storage GL_ARB_compute_shader GL_ARB_vertex_attrib_binding GL_ARB_texture_view GL_ARB_fragment_layer_viewport GL_ARB_multi_draw_indirect GL_ARB_program_interface_query GL_ARB_shader_image_size GL_ARB_shader_storage_buffer_object GL_ARB_texture_storage_multisample GL_ARB_buffer_storage GL_AMD_vertex_shader_layer GL_AMD_vertex_shader_viewport_index GL_ARB_query_buffer_object GL_EXT_polygon_offset_clamp GL_ARB_clear_texture GL_ARB_texture_mirror_clamp_to_edge GL_ARB_debug_output GL_ARB_enhanced_layouts GL_KHR_debug GL_ARB_arrays_of_arrays GL_ARB_texture_query_levels GL_ARB_invalidate_subdata GL_ARB_clear_buffer_object GL_AMD_depth_clamp_separate GL_ARB_shader_stencil_export GL_INTEL_map_texture GL_INTEL_conservative_rasterization GL_ARB_texture_compression_bptc GL_ARB_ES2_compatibility GL_ARB_ES3_compatibility GL_ARB_robustness GL_ARB_robust_buffer_access_behavior GL_EXT_texture_sRGB_decode GL_KHR_texture_compression_astc_ldr GL_KHR_texture_compression_astc_hdr GL_ARB_copy_image GL_KHR_blend_equation_advanced GL_EXT_direct_state_access GL_ARB_stencil_texturing GL_ARB_texture_stencil8 GL_ARB_explicit_uniform_location GL_INTEL_multi_rate_fragment_shader GL_ARB_multi_bind GL_ARB_indirect_parameters 
22:54:48: Supported WGL extensions: WGL_EXT_depth_float WGL_ARB_buffer_region WGL_ARB_extensions_string WGL_ARB_make_current_read WGL_ARB_pixel_format WGL_ARB_pbuffer WGL_EXT_extensions_string WGL_EXT_swap_control WGL_EXT_swap_control_tear WGL_ARB_multisample WGL_ARB_pixel_format_float WGL_ARB_framebuffer_sRGB WGL_ARB_create_context WGL_ARB_create_context_profile WGL_EXT_pixel_format_packed_float WGL_EXT_create_context_es_profile WGL_EXT_create_context_es2_profile WGL_NV_DX_interop WGL_ARB_create_context_robustness 
22:54:48: ***************************
22:54:48: *** GL Renderer Started ***
22:54:48: ***************************
22:54:48: Registering ResourceManager for type GpuProgram
22:54:48: GLSL support detected
22:54:48: GL: Using GL_EXT_framebuffer_object for rendering to textures (best)
22:54:48: FBO PF_UNKNOWN depth/stencil support: D0S1 D0S4 D0S8 D0S16 D16S0 D16S1 D16S4 D16S8 D16S16 D24S0 D24S1 D24S4 D24S8 D24S16 D32S0 D32S1 D32S4 D32S8 D32S16 Packed-D24S8 
22:54:48: FBO PF_A8 depth/stencil support: D0S0 D0S1 D0S4 D0S8 D0S16 D16S0 D16S1 D16S4 D16S8 D16S16 D24S0 D24S1 D24S4 D24S8 D24S16 D32S0 D32S1 D32S4 D32S8 D32S16 Packed-D24S8 
22:54:48: FBO PF_R5G6B5 depth/stencil support: D0S0 D0S1 D0S4 D0S8 D0S16 D16S0 D16S1 D16S4 D16S8 D16S16 D24S0 D24S1 D24S4 D24S8 D24S16 D32S0 D32S1 D32S4 D32S8 D32S16 Packed-D24S8 
22:54:48: FBO PF_B5G6R5 depth/stencil support: D0S0 D0S1 D0S4 D0S8 D0S16 D16S0 D16S1 D16S4 D16S8 D16S16 D24S0 D24S1 D24S4 D24S8 D24S16 D32S0 D32S1 D32S4 D32S8 D32S16 Packed-D24S8 
22:54:48: FBO PF_A4R4G4B4 depth/stencil support: D0S0 D0S1 D0S4 D0S8 D0S16 D16S0 D16S1 D16S4 D16S8 D16S16 D24S0 D24S1 D24S4 D24S8 D24S16 D32S0 D32S1 D32S4 D32S8 D32S16 Packed-D24S8 
22:54:48: FBO PF_A1R5G5B5 depth/stencil support: D0S0 D0S1 D0S4 D0S8 D0S16 D16S0 D16S1 D16S4 D16S8 D16S16 D24S0 D24S1 D24S4 D24S8 D24S16 D32S0 D32S1 D32S4 D32S8 D32S16 Packed-D24S8 
22:54:48: FBO PF_R8G8B8 depth/stencil support: D0S0 D0S1 D0S4 D0S8 D0S16 D16S0 D16S1 D16S4 D16S8 D16S16 D24S0 D24S1 D24S4 D24S8 D24S16 D32S0 D32S1 D32S4 D32S8 D32S16 Packed-D24S8 
22:54:48: FBO PF_B8G8R8 depth/stencil support: D0S0 D0S1 D0S4 D0S8 D0S16 D16S0 D16S1 D16S4 D16S8 D16S16 D24S0 D24S1 D24S4 D24S8 D24S16 D32S0 D32S1 D32S4 D32S8 D32S16 Packed-D24S8 
22:54:48: FBO PF_A8R8G8B8 depth/stencil support: D0S0 D0S1 D0S4 D0S8 D0S16 D16S0 D16S1 D16S4 D16S8 D16S16 D24S0 D24S1 D24S4 D24S8 D24S16 D32S0 D32S1 D32S4 D32S8 D32S16 Packed-D24S8 
22:54:48: FBO PF_B8G8R8A8 depth/stencil support: D0S0 D0S1 D0S4 D0S8 D0S16 D16S0 D16S1 D16S4 D16S8 D16S16 D24S0 D24S1 D24S4 D24S8 D24S16 D32S0 D32S1 D32S4 D32S8 D32S16 Packed-D24S8 
22:54:48: FBO PF_A2R10G10B10 depth/stencil support: D0S0 D0S1 D0S4 D0S8 D0S16 D16S0 D16S1 D16S4 D16S8 D16S16 D24S0 D24S1 D24S4 D24S8 D24S16 D32S0 D32S1 D32S4 D32S8 D32S16 Packed-D24S8 
22:54:48: FBO PF_A2B10G10R10 depth/stencil support: D0S0 D0S1 D0S4 D0S8 D0S16 D16S0 D16S1 D16S4 D16S8 D16S16 D24S0 D24S1 D24S4 D24S8 D24S16 D32S0 D32S1 D32S4 D32S8 D32S16 Packed-D24S8 
22:54:48: FBO PF_FLOAT16_RGB depth/stencil support: D0S0 D0S1 D0S4 D0S8 D0S16 D16S0 D16S1 D16S4 D16S8 D16S16 D24S0 D24S1 D24S4 D24S8 D24S16 D32S0 D32S1 D32S4 D32S8 D32S16 Packed-D24S8 
22:54:48: FBO PF_FLOAT16_RGBA depth/stencil support: D0S0 D0S1 D0S4 D0S8 D0S16 D16S0 D16S1 D16S4 D16S8 D16S16 D24S0 D24S1 D24S4 D24S8 D24S16 D32S0 D32S1 D32S4 D32S8 D32S16 Packed-D24S8 
22:54:48: FBO PF_FLOAT32_RGB depth/stencil support: D0S0 D0S1 D0S4 D0S8 D0S16 D16S0 D16S1 D16S4 D16S8 D16S16 D24S0 D24S1 D24S4 D24S8 D24S16 D32S0 D32S1 D32S4 D32S8 D32S16 Packed-D24S8 
22:54:48: FBO PF_FLOAT32_RGBA depth/stencil support: D0S0 D0S1 D0S4 D0S8 D0S16 D16S0 D16S1 D16S4 D16S8 D16S16 D24S0 D24S1 D24S4 D24S8 D24S16 D32S0 D32S1 D32S4 D32S8 D32S16 Packed-D24S8 
22:54:48: FBO PF_X8R8G8B8 depth/stencil support: D0S0 D0S1 D0S4 D0S8 D0S16 D16S0 D16S1 D16S4 D16S8 D16S16 D24S0 D24S1 D24S4 D24S8 D24S16 D32S0 D32S1 D32S4 D32S8 D32S16 Packed-D24S8 
22:54:48: FBO PF_X8B8G8R8 depth/stencil support: D0S0 D0S1 D0S4 D0S8 D0S16 D16S0 D16S1 D16S4 D16S8 D16S16 D24S0 D24S1 D24S4 D24S8 D24S16 D32S0 D32S1 D32S4 D32S8 D32S16 Packed-D24S8 
22:54:48: FBO PF_SHORT_RGBA depth/stencil support: D0S0 D0S1 D0S4 D0S8 D0S16 D16S0 D16S1 D16S4 D16S8 D16S16 D24S0 D24S1 D24S4 D24S8 D24S16 D32S0 D32S1 D32S4 D32S8 D32S16 Packed-D24S8 
22:54:48: FBO PF_R3G3B2 depth/stencil support: D0S0 D0S1 D0S4 D0S8 D0S16 D16S0 D16S1 D16S4 D16S8 D16S16 D24S0 D24S1 D24S4 D24S8 D24S16 D32S0 D32S1 D32S4 D32S8 D32S16 Packed-D24S8 
22:54:48: FBO PF_SHORT_RGB depth/stencil support: D0S0 D0S1 D0S4 D0S8 D0S16 D16S0 D16S1 D16S4 D16S8 D16S16 D24S0 D24S1 D24S4 D24S8 D24S16 D32S0 D32S1 D32S4 D32S8 D32S16 Packed-D24S8 
22:54:48: [GL] : Valid FBO targets PF_UNKNOWN PF_A8 PF_R5G6B5 PF_B5G6R5 PF_A4R4G4B4 PF_A1R5G5B5 PF_R8G8B8 PF_B8G8R8 PF_A8R8G8B8 PF_B8G8R8A8 PF_A2R10G10B10 PF_A2B10G10R10 PF_FLOAT16_RGB PF_FLOAT16_RGBA PF_FLOAT32_RGB PF_FLOAT32_RGBA PF_X8R8G8B8 PF_X8B8G8R8 PF_SHORT_RGBA PF_R3G3B2 PF_SHORT_RGB 
22:54:48: RenderSystem capabilities
22:54:48: -------------------------
22:54:48: RenderSystem Name: OpenGL Rendering Subsystem
22:54:48: GPU Vendor: intel
22:54:48: Device Name: Intel(R) HD Graphics 520
22:54:48: Driver Version: 4.4.0.0
22:54:48:  * Fixed function pipeline: yes
22:54:48:  * Hardware generation of mipmaps: no
22:54:48:  * Texture blending: yes
22:54:48:  * Anisotropic texture filtering: yes
22:54:48:  * Dot product texture operation: yes
22:54:48:  * Cube mapping: yes
22:54:48:  * Hardware stencil buffer: yes
22:54:48:    - Stencil depth: 8
22:54:48:    - Two sided stencil support: yes
22:54:48:    - Wrap stencil values: yes
22:54:48:  * Hardware vertex / index buffers: yes
22:54:48:  * Vertex programs: yes
22:54:48:  * Number of floating-point constants for vertex programs: 256
22:54:48:  * Number of integer constants for vertex programs: 0
22:54:48:  * Number of boolean constants for vertex programs: 0
22:54:48:  * Fragment programs: yes
22:54:48:  * Number of floating-point constants for fragment programs: 256
22:54:48:  * Number of integer constants for fragment programs: 0
22:54:48:  * Number of boolean constants for fragment programs: 0
22:54:48:  * Geometry programs: yes
22:54:48:  * Number of floating-point constants for geometry programs: 256
22:54:48:  * Number of integer constants for geometry programs: 0
22:54:48:  * Number of boolean constants for geometry programs: 0
22:54:48:  * Supported Shader Profiles: arbfp1 arbvp1 glsl gp4gp gpu_gp nvgp4
22:54:48:  * Texture Compression: yes
22:54:48:    - DXT: yes
22:54:48:    - VTC: no
22:54:48:    - PVRTC: no
22:54:48:  * Scissor Rectangle: yes
22:54:48:  * Hardware Occlusion Query: yes
22:54:48:  * User clip planes: yes
22:54:48:  * VET_UBYTE4 vertex element type: yes
22:54:48:  * Infinite far plane projection: yes
22:54:48:  * Hardware render-to-texture: yes
22:54:48:  * Floating point textures: yes
22:54:48:  * Non-power-of-two textures: yes
22:54:48:  * Volume textures: yes
22:54:48:  * Multiple Render Targets: 8
22:54:48:    - With different bit depths: yes
22:54:48:  * Point Sprites: yes
22:54:48:  * Extended point parameters: yes
22:54:48:  * Max Point Size: 255
22:54:48:  * Vertex texture fetch: yes
22:54:48:  * Number of world matrices: 0
22:54:48:  * Number of texture units: 32
22:54:48:  * Stencil buffer depth: 8
22:54:48:  * Number of vertex blend matrices: 0
22:54:48:    - Max vertex textures: 32
22:54:48:    - Vertex textures shared: yes
22:54:48:  * Render to Vertex Buffer : no
22:54:48:  * GL 1.5 without VBO workaround: no
22:54:48:  * Frame Buffer objects: yes
22:54:48:  * Frame Buffer objects (ARB extension): no
22:54:48:  * Frame Buffer objects (ATI extension): no
22:54:48:  * PBuffer support: yes
22:54:48:  * GL 1.5 without HW-occlusion workaround: no
22:54:48: Registering ResourceManager for type Texture
22:54:48: DefaultWorkQueue('Root') initialising on thread 005AD388.
22:54:48: DefaultWorkQueue('Root')::WorkerFunc - thread 087BA030 starting.
22:54:48: DefaultWorkQueue('Root')::WorkerFunc - thread 087B9D60 starting.
22:54:48: DefaultWorkQueue('Root')::WorkerFunc - thread 087B9AF0 starting.
22:54:48: DefaultWorkQueue('Root')::WorkerFunc - thread 087B9E20 starting.
22:54:48: Particle Renderer Type 'billboard' registered
22:54:48: SceneManagerFactory for type 'BspSceneManager' registered.
22:54:48: Registering ResourceManager for type BspLevel
22:54:48: SceneManagerFactory for type 'OctreeSceneManager' registered.
22:54:48: SceneManagerFactory for type 'TerrainSceneManager' registered.
22:54:48: Parsing scripts for resource group Autodetect
22:54:48: Finished parsing scripts for resource group Autodetect
22:54:48: Parsing scripts for resource group Bootstrap
22:54:48: Parsing script OgreCore.material
22:54:48: Parsing script OgreProfiler.material
22:54:48: Parsing script Ogre.fontdef
22:54:48: Parsing script OgreDebugPanel.overlay
22:54:48: Texture: New_Ogre_Border_Center.png: Loading 1 faces(PF_A8R8G8B8,256x128x1) with 5 generated mipmaps from Image. Internal format is PF_A8R8G8B8,256x128x1.
22:54:48: Texture: New_Ogre_Border.png: Loading 1 faces(PF_A8R8G8B8,256x256x1) with 5 generated mipmaps from Image. Internal format is PF_A8R8G8B8,256x256x1.
22:54:48: Texture: New_Ogre_Border_Break.png: Loading 1 faces(PF_A8R8G8B8,32x32x1) with 5 generated mipmaps from Image. Internal format is PF_A8R8G8B8,32x32x1.
22:54:48: Texture: ogretext.png: Loading 1 faces(PF_A8R8G8B8,256x128x1) with 5 generated mipmaps from Image. Internal format is PF_A8R8G8B8,256x128x1.
22:54:48: Parsing script OgreLoadingPanel.overlay
22:54:48: Finished parsing scripts for resource group Bootstrap
22:54:48: Parsing scripts for resource group General
22:54:48: Parsing script Examples.program
22:54:48: GLSL compiling: Ogre/BasicVertexPrograms/AmbientOneTextureGLSL
22:54:48: GLSL compiled : Ogre/BasicVertexPrograms/AmbientOneTextureGLSLWARNING: 0:2: '' :  #version directive missing


22:54:48: GLSL compiling: Ogre/HardwareSkinningTwoWeightsGLSL
22:54:48: GLSL compiled : Ogre/HardwareSkinningTwoWeightsGLSLWARNING: 0:4: '' :  #version directive missing


22:54:48: Parsing script StdQuad_vp.program
22:54:48: Parsing script ASCII.material
22:54:48: Parsing script ASMSwizzle.material
22:54:48: Parsing script BlackAndWhite.material
22:54:48: Parsing script Bloom.material
22:54:48: GLSL compiling: Blur_ps_glsl
22:54:48: GLSL compiled : Blur_ps_glslWARNING: 0:2: '' :  #version directive missing


22:54:48: GLSL compiling: Blur0_vs_glsl
22:54:48: GLSL compiled : Blur0_vs_glslWARNING: 0:1: '' :  #version directive missing


22:54:48: GLSL compiling: Blur1_vs_glsl
22:54:48: GLSL compiled : Blur1_vs_glslWARNING: 0:1: '' :  #version directive missing


22:54:48: Parsing script Bloom2.material
22:54:48: GLSL compiling: Bloom2_ps20_glsl
22:54:48: GLSL compiled : Bloom2_ps20_glslWARNING: 0:10: '' :  #version directive missing


22:54:48: Parsing script CGSwizzle.material
22:54:48: Parsing script DepthShadowmap.material
22:54:48: GLSL compiling: Ogre/DepthShadowmap/CasterVP_GLSL
22:54:48: GLSL compiled : Ogre/DepthShadowmap/CasterVP_GLSLWARNING: 0:2: '' :  #version directive missing


22:54:48: GLSL compiling: Ogre/DepthShadowmap/CasterFP_GLSL
22:54:48: GLSL compiled : Ogre/DepthShadowmap/CasterFP_GLSLWARNING: 0:3: '' :  #version directive missing


22:54:48: GLSL compiling: Ogre/DepthShadowmap/ReceiverVP_GLSL
22:54:48: GLSL compiled : Ogre/DepthShadowmap/ReceiverVP_GLSLWARNING: 0:2: '' :  #version directive missing


22:54:48: GLSL compiling: Ogre/DepthShadowmap/ReceiverFP_GLSL
22:54:48: GLSL compiled : Ogre/DepthShadowmap/ReceiverFP_GLSLWARNING: 0:2: '' :  #version directive missing


22:54:48: GLSL compiling: Ogre/DepthShadowmap/ReceiverFPPCF_GLSL
22:54:48: GLSL compiled : Ogre/DepthShadowmap/ReceiverFPPCF_GLSLWARNING: 0:2: '' :  #version directive missing


22:54:48: GLSL compiling: Ogre/DepthShadowmap/NormalMapReceiverVP_GLSL
22:54:48: GLSL compiled : Ogre/DepthShadowmap/NormalMapReceiverVP_GLSLWARNING: 0:2: '' :  #version directive missing


22:54:48: GLSL compiling: Ogre/DepthShadowmap/NormalMapReceiverFP_GLSL
22:54:48: GLSL compiled : Ogre/DepthShadowmap/NormalMapReceiverFP_GLSLWARNING: 0:2: '' :  #version directive missing


22:54:48: GLSL compiling: Ogre/DepthShadowmap/NormalMapReceiverFPPCF_GLSL
22:54:48: GLSL compiled : Ogre/DepthShadowmap/NormalMapReceiverFPPCF_GLSLWARNING: 0:2: '' :  #version directive missing


22:54:48: Parsing script Dither.material
22:54:48: Parsing script DOF.material
22:54:48: Parsing script Embossed.material
22:54:48: Parsing script Example-DynTex.material
22:54:48: Parsing script Example-Water.material
22:54:48: Parsing script Example.material
22:54:48: GLSL compiling: Ogre/HardwareSkinningTwoWeightsShadowCasterGLSL
22:54:48: GLSL compiled : Ogre/HardwareSkinningTwoWeightsShadowCasterGLSLWARNING: 0:4: '' :  #version directive missing


22:54:48: Parsing script Examples-Advanced.material
22:54:48: Compiler error: object unsupported by render system in Examples-Advanced.material(381)
22:54:48: Parsing script facial.material
22:54:48: Parsing script Glass.material
22:54:48: Parsing script GLSLSwizzle.material
22:54:48: GLSL compiling: Ogre/GPTest/Swizzle_GP_GLSL
22:54:48: GLSL compiled : Ogre/GPTest/Swizzle_GP_GLSL
22:54:48: GLSL compiling: Ogre/GPTest/Passthrough_VP_GLSL
22:54:48: GLSL compiled : Ogre/GPTest/Passthrough_VP_GLSLWARNING: 0:1: '' :  #version directive missing


22:54:48: Parsing script Halftone.material
22:54:49: Parsing script hdr.material
22:54:49: GLSL compiling: Ogre/Compositor/HDR/downscale2x2LuminenceGLSL_fp
22:54:49: GLSL compiled : Ogre/Compositor/HDR/downscale2x2LuminenceGLSL_fpWARNING: 0:2: '' :  #version directive missing


22:54:49: GLSL compiling: Ogre/Compositor/StdQuad_GLSL_vp
22:54:49: GLSL compiled : Ogre/Compositor/StdQuad_GLSL_vpWARNING: 0:2: '' :  #version directive missing


22:54:49: GLSL compiling: Ogre/Compositor/HDR/downscale3x3GLSL_fp
22:54:49: GLSL compiled : Ogre/Compositor/HDR/downscale3x3GLSL_fpWARNING: 0:2: '' :  #version directive missing


22:54:49: GLSL compiling: Ogre/Compositor/HDR/utils_fp
22:54:49: GLSL compiled : Ogre/Compositor/HDR/utils_fpWARNING: 0:1: '' :  #version directive missing


22:54:49: GLSL compiling: Ogre/Compositor/HDR/downscale3x3brightpassGLSL_fp
22:54:49: GLSL compiled : Ogre/Compositor/HDR/downscale3x3brightpassGLSL_fpWARNING: 0:2: '' :  #version directive missing


22:54:49: GLSL compiling: Ogre/Compositor/HDR/bloomGLSL_fp
22:54:49: GLSL compiled : Ogre/Compositor/HDR/bloomGLSL_fpWARNING: 0:2: '' :  #version directive missing


22:54:49: GLSL compiling: Ogre/Compositor/HDR/utils_fp
22:54:49: GLSL compiled : Ogre/Compositor/HDR/utils_fpWARNING: 0:1: '' :  #version directive missing


22:54:49: GLSL compiling: Ogre/Compositor/HDR/finaltonemappingGLSL_fp
22:54:49: GLSL compiled : Ogre/Compositor/HDR/finaltonemappingGLSL_fpWARNING: 0:2: '' :  #version directive missing


22:54:49: Parsing script HeatVision.material
22:54:49: Parsing script Hurt.material
22:54:49: Parsing script instancing.material
22:54:49: GLSL compiling: InstancingGLSL
22:54:49: GLSL compiled : InstancingGLSLWARNING: 0:1: '' :  #version directive missing


22:54:49: GLSL compiling: InstancingShadowCasterGLSL
22:54:49: GLSL compiled : InstancingShadowCasterGLSLWARNING: 0:1: '' :  #version directive missing


22:54:49: GLSL compiling: CrowdGLSL
22:54:49: GLSL compiled : CrowdGLSLWARNING: 0:2: '' :  #version directive missing


22:54:49: GLSL compiling: CrowdShadowCasterGLSL
22:54:49: GLSL compiled : CrowdShadowCasterGLSLWARNING: 0:2: '' :  #version directive missing


22:54:49: Parsing script Invert.material
22:54:49: Parsing script IsoSurf.material
22:54:49: Parsing script Laplace.material
22:54:49: Parsing script MotionBlur.material
22:54:49: Parsing script MRTtest.material
22:54:49: GLSL compiling: Ogre/MRTtest/scenefp/GLSL
22:54:49: GLSL compiled : Ogre/MRTtest/scenefp/GLSLWARNING: 0:3: '#extension' :  'GL_ARB_draw_buffers' is not supported
WARNING: 0:5: '' :  #version directive missing


22:54:49: GLSL compiling: Ogre/MRTtest/quadfp/GLSL
22:54:49: GLSL compiled : Ogre/MRTtest/quadfp/GLSLWARNING: 0:2: '' :  #version directive missing


22:54:49: Parsing script NightVision.material
22:54:49: Parsing script Ocean.material
22:54:49: GLSL compiling: GLSL/OceanVS
22:54:49: GLSL compiled : GLSL/OceanVSWARNING: 0:11: '' :  #version directive missing


22:54:49: GLSL compiling: GLSL/OceanFS
22:54:49: GLSL compiled : GLSL/OceanFSWARNING: 0:11: '' :  #version directive missing


22:54:49: GLSL compiling: GLSL/Ocean2VS
22:54:49: GLSL compiled : GLSL/Ocean2VSWARNING: 0:23: '' :  #version directive missing


22:54:49: GLSL compiling: GLSL/Ocean2FS
22:54:49: GLSL compiled : GLSL/Ocean2FSWARNING: 0:24: '' :  #version directive missing


22:54:49: Parsing script OffsetMapping.material
22:54:49: Compiler error: object unsupported by render system in OffsetMapping.material(18)
22:54:49: GLSL compiling: Examples/OffsetMappingIntegratedShadowsFPglsl
22:54:49: GLSL compiled : Examples/OffsetMappingIntegratedShadowsFPglslWARNING: 0:2: '' :  #version directive missing


22:54:49: GLSL compiling: Examples/OffsetMappingIntegratedShadowsVPglsl
22:54:49: GLSL compiled : Examples/OffsetMappingIntegratedShadowsVPglslWARNING: 0:2: '' :  #version directive missing


22:54:49: Parsing script Ogre.material
22:54:49: Parsing script OldMovie.material
22:54:49: Parsing script OldTV.material
22:54:49: Parsing script ParticleGS.material
22:54:49: Parsing script Posterize.material
22:54:49: Parsing script pssm.material
22:54:49: Parsing script RadialBlur.material
22:54:49: Parsing script RZR-002.material
22:54:49: Parsing script SharpenEdges.material
22:54:49: Parsing script smoke.material
22:54:49: Parsing script Tiling.material
22:54:49: Parsing script ui.material
22:54:49: Parsing script VarianceShadowmap.material
22:54:49: Parsing script PythonOgreDebugPanel.material
22:54:49: Parsing script RomanBath.material
22:54:49: Parsing script emitted_emitter.particle
22:54:49: Parsing script Example-Water.particle
22:54:49: Parsing script Example.particle
22:54:49: Parsing script smoke.particle
22:54:49: Parsing script Examples.compositor
22:54:49: Parsing script sample.fontdef
22:54:49: Parsing script Compositor.overlay
22:54:49: Parsing script DP3.overlay
22:54:49: Parsing script Example-CubeMapping.overlay
22:54:49: Parsing script Example-DynTex.overlay
22:54:49: Parsing script Example-Water.overlay
22:54:49: Parsing script PythonOgreDebugPanel.overlay
22:54:49: Texture: popanel.png: Loading 1 faces(PF_A8R8G8B8,638x90x1) with 5 generated mipmaps from Image. Internal format is PF_A8R8G8B8,638x90x1.
22:54:49: Parsing script Shadows.overlay
22:54:49: Parsing script shipInfo.overlay
22:54:49: Finished parsing scripts for resource group General
22:54:49: Parsing scripts for resource group Internal
22:54:49: Finished parsing scripts for resource group Internal
22:54:49: Font BlueHighwayusing texture size 512x512
22:54:49: Info: Freetype returned null for character 127 in font BlueHighway
22:54:49: Info: Freetype returned null for character 128 in font BlueHighway
22:54:49: Info: Freetype returned null for character 129 in font BlueHighway
22:54:49: Info: Freetype returned null for character 130 in font BlueHighway
22:54:49: Info: Freetype returned null for character 131 in font BlueHighway
22:54:49: Info: Freetype returned null for character 132 in font BlueHighway
22:54:49: Info: Freetype returned null for character 133 in font BlueHighway
22:54:49: Info: Freetype returned null for character 134 in font BlueHighway
22:54:49: Info: Freetype returned null for character 135 in font BlueHighway
22:54:49: Info: Freetype returned null for character 136 in font BlueHighway
22:54:49: Info: Freetype returned null for character 137 in font BlueHighway
22:54:49: Info: Freetype returned null for character 138 in font BlueHighway
22:54:49: Info: Freetype returned null for character 139 in font BlueHighway
22:54:49: Info: Freetype returned null for character 140 in font BlueHighway
22:54:49: Info: Freetype returned null for character 141 in font BlueHighway
22:54:49: Info: Freetype returned null for character 142 in font BlueHighway
22:54:49: Info: Freetype returned null for character 143 in font BlueHighway
22:54:49: Info: Freetype returned null for character 144 in font BlueHighway
22:54:49: Info: Freetype returned null for character 145 in font BlueHighway
22:54:49: Info: Freetype returned null for character 146 in font BlueHighway
22:54:49: Info: Freetype returned null for character 147 in font BlueHighway
22:54:49: Info: Freetype returned null for character 148 in font BlueHighway
22:54:49: Info: Freetype returned null for character 149 in font BlueHighway
22:54:49: Info: Freetype returned null for character 150 in font BlueHighway
22:54:49: Info: Freetype returned null for character 151 in font BlueHighway
22:54:49: Info: Freetype returned null for character 152 in font BlueHighway
22:54:49: Info: Freetype returned null for character 153 in font BlueHighway
22:54:49: Info: Freetype returned null for character 154 in font BlueHighway
22:54:49: Info: Freetype returned null for character 155 in font BlueHighway
22:54:49: Info: Freetype returned null for character 156 in font BlueHighway
22:54:49: Info: Freetype returned null for character 157 in font BlueHighway
22:54:49: Info: Freetype returned null for character 158 in font BlueHighway
22:54:49: Info: Freetype returned null for character 159 in font BlueHighway
22:54:49: Info: Freetype returned null for character 160 in font BlueHighway
22:54:49: Texture: BlueHighwayTexture: Loading 1 faces(PF_BYTE_LA,512x512x1) with 0 generated mipmaps from Image. Internal format is PF_BYTE_LA,512x512x1.
22:54:49: Font StarWarsusing texture size 512x512
22:54:49: Info: Freetype returned null for character 35 in font StarWars
22:54:49: Info: Freetype returned null for character 37 in font StarWars
22:54:49: Info: Freetype returned null for character 38 in font StarWars
22:54:49: Info: Freetype returned null for character 42 in font StarWars
22:54:49: Info: Freetype returned null for character 43 in font StarWars
22:54:49: Info: Freetype returned null for character 60 in font StarWars
22:54:49: Info: Freetype returned null for character 62 in font StarWars
22:54:49: Info: Freetype returned null for character 64 in font StarWars
22:54:49: Info: Freetype returned null for character 94 in font StarWars
22:54:49: Info: Freetype returned null for character 96 in font StarWars
22:54:49: Info: Freetype returned null for character 126 in font StarWars
22:54:49: Info: Freetype returned null for character 127 in font StarWars
22:54:49: Info: Freetype returned null for character 128 in font StarWars
22:54:49: Info: Freetype returned null for character 129 in font StarWars
22:54:49: Info: Freetype returned null for character 130 in font StarWars
22:54:49: Info: Freetype returned null for character 131 in font StarWars
22:54:49: Info: Freetype returned null for character 132 in font StarWars
22:54:49: Info: Freetype returned null for character 133 in font StarWars
22:54:49: Info: Freetype returned null for character 134 in font StarWars
22:54:49: Info: Freetype returned null for character 135 in font StarWars
22:54:49: Info: Freetype returned null for character 136 in font StarWars
22:54:49: Info: Freetype returned null for character 137 in font StarWars
22:54:49: Info: Freetype returned null for character 138 in font StarWars
22:54:49: Info: Freetype returned null for character 139 in font StarWars
22:54:49: Info: Freetype returned null for character 140 in font StarWars
22:54:49: Info: Freetype returned null for character 141 in font StarWars
22:54:49: Info: Freetype returned null for character 142 in font StarWars
22:54:49: Info: Freetype returned null for character 143 in font StarWars
22:54:49: Info: Freetype returned null for character 144 in font StarWars
22:54:49: Info: Freetype returned null for character 145 in font StarWars
22:54:49: Info: Freetype returned null for character 146 in font StarWars
22:54:49: Info: Freetype returned null for character 147 in font StarWars
22:54:49: Info: Freetype returned null for character 148 in font StarWars
22:54:49: Info: Freetype returned null for character 149 in font StarWars
22:54:49: Info: Freetype returned null for character 150 in font StarWars
22:54:49: Info: Freetype returned null for character 151 in font StarWars
22:54:49: Info: Freetype returned null for character 152 in font StarWars
22:54:49: Info: Freetype returned null for character 153 in font StarWars
22:54:49: Info: Freetype returned null for character 154 in font StarWars
22:54:49: Info: Freetype returned null for character 155 in font StarWars
22:54:49: Info: Freetype returned null for character 156 in font StarWars
22:54:49: Info: Freetype returned null for character 157 in font StarWars
22:54:49: Info: Freetype returned null for character 158 in font StarWars
22:54:49: Info: Freetype returned null for character 159 in font StarWars
22:54:49: Info: Freetype returned null for character 160 in font StarWars
22:54:49: Info: Freetype returned null for character 161 in font StarWars
22:54:49: Info: Freetype returned null for character 162 in font StarWars
22:54:49: Info: Freetype returned null for character 163 in font StarWars
22:54:49: Info: Freetype returned null for character 164 in font StarWars
22:54:49: Info: Freetype returned null for character 165 in font StarWars
22:54:49: Info: Freetype returned null for character 166 in font StarWars
22:54:49: Texture: StarWarsTexture: Loading 1 faces(PF_BYTE_LA,512x512x1) with 0 generated mipmaps from Image. Internal format is PF_BYTE_LA,512x512x1.
22:54:49: Texture: OverlayButtons.png: Loading 1 faces(PF_A8R8G8B8,160x160x1) with 5 generated mipmaps from Image. Internal format is PF_A8R8G8B8,160x160x1.
22:54:49: Texture: credits.png: Loading 1 faces(PF_A8R8G8B8,310x371x1) with 5 generated mipmaps from Image. Internal format is PF_A8R8G8B8,310x371x1.
22:54:49: Texture: instructions.png: Loading 1 faces(PF_A8R8G8B8,437x353x1) with 5 generated mipmaps from Image. Internal format is PF_A8R8G8B8,437x353x1.
22:54:49: Texture: grass_1024.jpg: Loading 1 faces(PF_R8G8B8,1024x1024x1) with 5 generated mipmaps from Image. Internal format is PF_X8R8G8B8,1024x1024x1.
22:54:49: Texture: clouds.jpg: Loading 1 faces(PF_R8G8B8,256x256x1) with 5 generated mipmaps from Image. Internal format is PF_X8R8G8B8,256x256x1.
22:54:53: Texture: ecslentUI3.png: Loading 1 faces(PF_A8R8G8B8,1024x768x1) with 5 generated mipmaps from Image. Internal format is PF_A8R8G8B8,1024x768x1.
22:54:53: Mesh: Loading tank.mesh.
22:54:53: Can't assign material Material #26 to SubEntity of 0 because this Material does not exist. Have you forgotten to define it in a .material script?
22:54:53: Can't assign material Material #25 to SubEntity of 0 because this Material does not exist. Have you forgotten to define it in a .material script?
22:54:53: Can't assign material Material #27 to SubEntity of 0 because this Material does not exist. Have you forgotten to define it in a .material script?
22:54:53: Can't assign material Material #28 to SubEntity of 0 because this Material does not exist. Have you forgotten to define it in a .material script?
22:54:53: Texture: camo-white.jpg: Loading 1 faces(PF_R8G8B8,3000x1500x1) with 5 generated mipmaps from Image. Internal format is PF_X8R8G8B8,3000x1500x1.
22:54:54: Can't assign material Material #26 to SubEntity of 1 because this Material does not exist. Have you forgotten to define it in a .material script?
22:54:54: Can't assign material Material #25 to SubEntity of 1 because this Material does not exist. Have you forgotten to define it in a .material script?
22:54:54: Can't assign material Material #27 to SubEntity of 1 because this Material does not exist. Have you forgotten to define it in a .material script?
22:54:54: Can't assign material Material #28 to SubEntity of 1 because this Material does not exist. Have you forgotten to define it in a .material script?
22:54:54: Texture: M1_ABRAM.bmp: Loading 1 faces(PF_R8G8B8,1024x1024x1) with 5 generated mipmaps from Image. Internal format is PF_X8R8G8B8,1024x1024x1.
22:54:54: Mesh: Loading Wall3.mesh.
22:54:57: Can't assign material Material to SubEntity of 2 because this Material does not exist. Have you forgotten to define it in a .material script?
22:54:57: Texture: egyptrockyfull.jpg: Loading 1 faces(PF_R8G8B8,512x512x1) with 5 generated mipmaps from Image. Internal format is PF_X8R8G8B8,512x512x1.
22:54:57: Can't assign material Material to SubEntity of 3 because this Material does not exist. Have you forgotten to define it in a .material script?
22:54:57: Can't assign material Material to SubEntity of 4 because this Material does not exist. Have you forgotten to define it in a .material script?
22:54:57: Can't assign material Material to SubEntity of 5 because this Material does not exist. Have you forgotten to define it in a .material script?
22:54:57: Mesh: Loading wallCube.mesh.
22:54:57: Can't assign material Material.001 to SubEntity of 6 because this Material does not exist. Have you forgotten to define it in a .material script?
22:54:57: Can't assign material Material.001 to SubEntity of 7 because this Material does not exist. Have you forgotten to define it in a .material script?
22:54:57: Can't assign material Material.001 to SubEntity of 8 because this Material does not exist. Have you forgotten to define it in a .material script?
22:54:57: Can't assign material Material.001 to SubEntity of 9 because this Material does not exist. Have you forgotten to define it in a .material script?
22:54:57: Can't assign material Material.001 to SubEntity of 10 because this Material does not exist. Have you forgotten to define it in a .material script?
22:54:57: Can't assign material Material.001 to SubEntity of 11 because this Material does not exist. Have you forgotten to define it in a .material script?
22:54:57: Can't assign material Material.001 to SubEntity of 12 because this Material does not exist. Have you forgotten to define it in a .material script?
22:54:57: Can't assign material Material.001 to SubEntity of 13 because this Material does not exist. Have you forgotten to define it in a .material script?
22:54:57: Can't assign material Material.001 to SubEntity of 14 because this Material does not exist. Have you forgotten to define it in a .material script?
22:54:57: Can't assign material Material.001 to SubEntity of 15 because this Material does not exist. Have you forgotten to define it in a .material script?
22:54:57: Can't assign material Material.001 to SubEntity of 16 because this Material does not exist. Have you forgotten to define it in a .material script?
22:54:57: Can't assign material Material.001 to SubEntity of 17 because this Material does not exist. Have you forgotten to define it in a .material script?
22:54:57: Can't assign material Material.001 to SubEntity of 18 because this Material does not exist. Have you forgotten to define it in a .material script?
22:54:57: Can't assign material Material.001 to SubEntity of 19 because this Material does not exist. Have you forgotten to define it in a .material script?
22:54:57: Can't assign material Material.001 to SubEntity of 20 because this Material does not exist. Have you forgotten to define it in a .material script?
22:54:57: Can't assign material Material.001 to SubEntity of 21 because this Material does not exist. Have you forgotten to define it in a .material script?
22:54:57: Can't assign material Material.001 to SubEntity of 22 because this Material does not exist. Have you forgotten to define it in a .material script?
22:54:57: Can't assign material Material.001 to SubEntity of 23 because this Material does not exist. Have you forgotten to define it in a .material script?
22:54:57: Can't assign material Material.001 to SubEntity of 24 because this Material does not exist. Have you forgotten to define it in a .material script?
22:54:57: Can't assign material Material.001 to SubEntity of 25 because this Material does not exist. Have you forgotten to define it in a .material script?
22:54:57: Can't assign material Material.001 to SubEntity of 26 because this Material does not exist. Have you forgotten to define it in a .material script?
22:54:57: Can't assign material Material.001 to SubEntity of 27 because this Material does not exist. Have you forgotten to define it in a .material script?
22:54:57: Can't assign material Material.001 to SubEntity of 28 because this Material does not exist. Have you forgotten to define it in a .material script?
22:54:57: Can't assign material Material.001 to SubEntity of 29 because this Material does not exist. Have you forgotten to define it in a .material script?
22:54:57: Can't assign material Material.001 to SubEntity of 30 because this Material does not exist. Have you forgotten to define it in a .material script?
22:54:57: Can't assign material Material.001 to SubEntity of 31 because this Material does not exist. Have you forgotten to define it in a .material script?
22:54:57: Can't assign material Material.001 to SubEntity of 32 because this Material does not exist. Have you forgotten to define it in a .material script?
22:54:57: Can't assign material Material.001 to SubEntity of 33 because this Material does not exist. Have you forgotten to define it in a .material script?
22:54:57: Can't assign material Material.001 to SubEntity of 34 because this Material does not exist. Have you forgotten to define it in a .material script?
22:54:57: Can't assign material Material.001 to SubEntity of 35 because this Material does not exist. Have you forgotten to define it in a .material script?
22:54:57: Can't assign material Material.001 to SubEntity of 36 because this Material does not exist. Have you forgotten to define it in a .material script?
22:54:57: Can't assign material Material.001 to SubEntity of 37 because this Material does not exist. Have you forgotten to define it in a .material script?
22:54:57: Can't assign material Material.001 to SubEntity of 38 because this Material does not exist. Have you forgotten to define it in a .material script?
22:54:57: Can't assign material Material.001 to SubEntity of 39 because this Material does not exist. Have you forgotten to define it in a .material script?
22:54:57: Can't assign material Material.001 to SubEntity of 40 because this Material does not exist. Have you forgotten to define it in a .material script?
22:54:57: Can't assign material Material.001 to SubEntity of 41 because this Material does not exist. Have you forgotten to define it in a .material script?
22:54:57: Can't assign material Material.001 to SubEntity of 42 because this Material does not exist. Have you forgotten to define it in a .material script?
22:54:57: Can't assign material Material.001 to SubEntity of 43 because this Material does not exist. Have you forgotten to define it in a .material script?
22:54:57: Can't assign material Material.001 to SubEntity of 44 because this Material does not exist. Have you forgotten to define it in a .material script?
22:54:57: Can't assign material Material.001 to SubEntity of 45 because this Material does not exist. Have you forgotten to define it in a .material script?
22:54:57: Can't assign material Material.001 to SubEntity of 46 because this Material does not exist. Have you forgotten to define it in a .material script?
22:54:57: Can't assign material Material.001 to SubEntity of 47 because this Material does not exist. Have you forgotten to define it in a .material script?
22:54:57: Can't assign material Material.001 to SubEntity of 48 because this Material does not exist. Have you forgotten to define it in a .material script?
22:54:57: Can't assign material Material.001 to SubEntity of 49 because this Material does not exist. Have you forgotten to define it in a .material script?
22:54:57: Can't assign material Material.001 to SubEntity of 50 because this Material does not exist. Have you forgotten to define it in a .material script?
22:54:57: Can't assign material Material.001 to SubEntity of 51 because this Material does not exist. Have you forgotten to define it in a .material script?
22:54:57: Can't assign material Material.001 to SubEntity of 52 because this Material does not exist. Have you forgotten to define it in a .material script?
22:54:57: Can't assign material Material.001 to SubEntity of 53 because this Material does not exist. Have you forgotten to define it in a .material script?
22:54:57: Can't assign material Material.001 to SubEntity of 54 because this Material does not exist. Have you forgotten to define it in a .material script?
22:54:57: Can't assign material Material.001 to SubEntity of 55 because this Material does not exist. Have you forgotten to define it in a .material script?
22:54:57: Can't assign material Material.001 to SubEntity of 56 because this Material does not exist. Have you forgotten to define it in a .material script?
22:54:57: Can't assign material Material.001 to SubEntity of 57 because this Material does not exist. Have you forgotten to define it in a .material script?
22:54:57: Can't assign material Material.001 to SubEntity of 58 because this Material does not exist. Have you forgotten to define it in a .material script?
22:54:57: Can't assign material Material.001 to SubEntity of 59 because this Material does not exist. Have you forgotten to define it in a .material script?
22:54:57: Can't assign material Material.001 to SubEntity of 60 because this Material does not exist. Have you forgotten to define it in a .material script?
22:54:57: Can't assign material Material.001 to SubEntity of 61 because this Material does not exist. Have you forgotten to define it in a .material script?
22:54:57: Can't assign material Material.001 to SubEntity of 62 because this Material does not exist. Have you forgotten to define it in a .material script?
22:54:57: Can't assign material Material.001 to SubEntity of 63 because this Material does not exist. Have you forgotten to define it in a .material script?
22:54:57: Can't assign material Material.001 to SubEntity of 64 because this Material does not exist. Have you forgotten to define it in a .material script?
22:54:57: Can't assign material Material.001 to SubEntity of 65 because this Material does not exist. Have you forgotten to define it in a .material script?
22:54:57: Can't assign material Material.001 to SubEntity of 66 because this Material does not exist. Have you forgotten to define it in a .material script?
22:54:57: Can't assign material Material.001 to SubEntity of 67 because this Material does not exist. Have you forgotten to define it in a .material script?
22:54:57: Can't assign material Material.001 to SubEntity of 68 because this Material does not exist. Have you forgotten to define it in a .material script?
22:54:57: Can't assign material Material.001 to SubEntity of 69 because this Material does not exist. Have you forgotten to define it in a .material script?
22:54:57: Can't assign material Material.001 to SubEntity of 70 because this Material does not exist. Have you forgotten to define it in a .material script?
22:54:57: Can't assign material Material.001 to SubEntity of 71 because this Material does not exist. Have you forgotten to define it in a .material script?
22:54:57: Can't assign material Material.001 to SubEntity of 72 because this Material does not exist. Have you forgotten to define it in a .material script?
22:54:57: Can't assign material Material.001 to SubEntity of 73 because this Material does not exist. Have you forgotten to define it in a .material script?
22:54:57: Can't assign material Material.001 to SubEntity of 74 because this Material does not exist. Have you forgotten to define it in a .material script?
22:54:57: Can't assign material Material.001 to SubEntity of 75 because this Material does not exist. Have you forgotten to define it in a .material script?
22:54:57: Can't assign material Material.001 to SubEntity of 76 because this Material does not exist. Have you forgotten to define it in a .material script?
22:54:57: Can't assign material Material.001 to SubEntity of 77 because this Material does not exist. Have you forgotten to define it in a .material script?
22:54:57: Can't assign material Material.001 to SubEntity of 78 because this Material does not exist. Have you forgotten to define it in a .material script?
22:54:57: Can't assign material Material.001 to SubEntity of 79 because this Material does not exist. Have you forgotten to define it in a .material script?
22:54:57: Can't assign material Material.001 to SubEntity of 80 because this Material does not exist. Have you forgotten to define it in a .material script?
22:54:57: Can't assign material Material.001 to SubEntity of 81 because this Material does not exist. Have you forgotten to define it in a .material script?
22:54:57: Can't assign material Material.001 to SubEntity of 82 because this Material does not exist. Have you forgotten to define it in a .material script?
22:54:57: Can't assign material Material.001 to SubEntity of 83 because this Material does not exist. Have you forgotten to define it in a .material script?
22:54:57: Can't assign material Material.001 to SubEntity of 84 because this Material does not exist. Have you forgotten to define it in a .material script?
22:54:57: Can't assign material Material.001 to SubEntity of 85 because this Material does not exist. Have you forgotten to define it in a .material script?
22:54:57: Can't assign material Material.001 to SubEntity of 86 because this Material does not exist. Have you forgotten to define it in a .material script?
22:54:57: Can't assign material Material.001 to SubEntity of 87 because this Material does not exist. Have you forgotten to define it in a .material script?
22:54:57: Can't assign material Material.001 to SubEntity of 88 because this Material does not exist. Have you forgotten to define it in a .material script?
22:54:57: Can't assign material Material.001 to SubEntity of 89 because this Material does not exist. Have you forgotten to define it in a .material script?
22:54:57: Can't assign material Material.001 to SubEntity of 90 because this Material does not exist. Have you forgotten to define it in a .material script?
22:54:57: Can't assign material Material.001 to SubEntity of 91 because this Material does not exist. Have you forgotten to define it in a .material script?
22:54:57: Can't assign material Material.001 to SubEntity of 92 because this Material does not exist. Have you forgotten to define it in a .material script?
22:54:57: Can't assign material Material.001 to SubEntity of 93 because this Material does not exist. Have you forgotten to define it in a .material script?
22:54:57: Can't assign material Material.001 to SubEntity of 94 because this Material does not exist. Have you forgotten to define it in a .material script?
22:54:57: Can't assign material Material.001 to SubEntity of 95 because this Material does not exist. Have you forgotten to define it in a .material script?
